<?xml version="1.0" encoding="UTF-8"?>
<!-- Generated by org.testng.reporters.JUnitReportReporter -->
<testsuite hostname="LAPTOP-E8T2NSKQ" name="Tests.RegistrationTest" tests="1" failures="0" timestamp="29 Sep 2023 07:41:28 GMT" time="6.906" errors="0">
  <testcase name="Registration" time="6.906" classname="Tests.RegistrationTest"/>
</testsuite> <!-- Tests.RegistrationTest -->
