<?xml version="1.0" encoding="UTF-8"?>
<!-- Generated by org.testng.reporters.JUnitReportReporter -->
<testsuite hostname="LAPTOP-E8T2NSKQ" name="Tests.ThreeTest" tests="1" failures="0" timestamp="29 Sep 2023 10:57:47 GMT" time="4.615" errors="0">
  <testcase name="testThree" time="4.615" classname="Tests.ThreeTest"/>
</testsuite> <!-- Tests.ThreeTest -->
