<?xml version="1.0" encoding="UTF-8"?>
<!-- Generated by org.testng.reporters.JUnitReportReporter -->
<testsuite hostname="LAPTOP-E8T2NSKQ" name="Tests.LoginTest" tests="1" failures="0" timestamp="29 Sep 2023 10:57:47 GMT" time="9.613" errors="0">
  <testcase name="login" time="9.613" classname="Tests.LoginTest"/>
</testsuite> <!-- Tests.LoginTest -->
