<?xml version="1.0" encoding="UTF-8"?>
<!-- Generated by org.testng.reporters.JUnitReportReporter -->
<testsuite hostname="LAPTOP-E8T2NSKQ" name="Tests.TwoTest" tests="1" failures="0" timestamp="29 Sep 2023 10:57:47 GMT" time="4.554" errors="0">
  <testcase name="testTwo" time="4.554" classname="Tests.TwoTest"/>
</testsuite> <!-- Tests.TwoTest -->
