<?xml version="1.0" encoding="UTF-8"?>
<!-- Generated by org.testng.reporters.JUnitReportReporter -->
<testsuite skipped="0" hostname="LAPTOP-E8T2NSKQ" name="Tests.LoginTest" tests="2" failures="0" timestamp="27 Sep 2023 16:06:51 GMT" time="29.276" errors="0">
  <testcase name="login" time="19.002" classname="Tests.LoginTest"/>
  <testcase name="login" time="10.274" classname="Tests.LoginTest"/>
</testsuite> <!-- Tests.LoginTest -->
