<?xml version="1.0" encoding="UTF-8"?>
<!-- Generated by org.testng.reporters.JUnitReportReporter -->
<testsuite skipped="0" hostname="LAPTOP-E8T2NSKQ" name="Tests.FourTest" tests="1" failures="0" timestamp="27 Sep 2023 16:06:51 GMT" time="0.000" errors="0">
  <testcase name="testFour" time="0.000" classname="Tests.FourTest"/>
</testsuite> <!-- Tests.FourTest -->
