<?xml version="1.0" encoding="UTF-8"?>
<!-- Generated by org.testng.reporters.JUnitReportReporter -->
<testsuite skipped="0" hostname="LAPTOP-E8T2NSKQ" name="Tests.ThreeTest" tests="1" failures="0" timestamp="27 Sep 2023 16:06:51 GMT" time="0.001" errors="0">
  <testcase name="testThree" time="0.001" classname="Tests.ThreeTest"/>
</testsuite> <!-- Tests.ThreeTest -->
